Using pre-set license
Built from '2020.3/staging' branch; Version is '2020.3.30f1 (1fb1bf06830e) revision 2077119'; Using compiler version '192528614'; Build Type 'Release'
OS: 'Windows 11  (10.0.22000) 64bit Core' Language: 'pt' Physical Memory: 32666 MB
BatchMode: 1, IsHumanControllingUs: 0, StartBugReporterOnCrash: 0, Is64bit: 1, IsPro: 0

COMMAND LINE ARGUMENTS:
C:\Program Files\Unity\Hub\Editor\2020.3.30f1\Editor\Unity.exe
-adb2
-batchMode
-noUpm
-name
AssetImportWorker0
-projectPath
C:/Users/RAZER/Documents/MiniCurso2
-logFile
Logs/AssetImportWorker0.log
-srvPort
56986
Successfully changed project path to: C:/Users/RAZER/Documents/MiniCurso2
C:/Users/RAZER/Documents/MiniCurso2
Using Asset Import Pipeline V2.
Refreshing native plugins compatible for Editor in 39.64 ms, found 2 plugins.
Preloading 0 native plugins for Editor in 0.00 ms.
Initialize engine version: 2020.3.30f1 (1fb1bf06830e)
[Subsystems] Discovering subsystems at path C:/Program Files/Unity/Hub/Editor/2020.3.30f1/Editor/Data/Resources/UnitySubsystems
[Subsystems] Discovering subsystems at path C:/Users/RAZER/Documents/MiniCurso2/Assets
GfxDevice: creating device client; threaded=0
Direct3D:
    Version:  Direct3D 11.0 [level 11.1]
    Renderer: NVIDIA GeForce RTX 2080 with Max-Q Design (ID=0x1e90)
    Vendor:   
    VRAM:     8010 MB
    Driver:   26.21.14.3630
Initialize mono
Mono path[0] = 'C:/Program Files/Unity/Hub/Editor/2020.3.30f1/Editor/Data/Managed'
Mono path[1] = 'C:/Program Files/Unity/Hub/Editor/2020.3.30f1/Editor/Data/MonoBleedingEdge/lib/mono/unityjit'
Mono config path = 'C:/Program Files/Unity/Hub/Editor/2020.3.30f1/Editor/Data/MonoBleedingEdge/etc'
Using monoOptions --debugger-agent=transport=dt_socket,embedding=1,server=y,suspend=n,address=127.0.0.1:56456
Begin MonoManager ReloadAssembly
Registering precompiled unity dll's ...
Register platform support module: C:/Program Files/Unity/Hub/Editor/2020.3.30f1/Editor/Data/PlaybackEngines/WindowsStandaloneSupport/UnityEditor.WindowsStandalone.Extensions.dll
Registered in 0.001328 seconds.
Native extension for WindowsStandalone target not found
Refreshing native plugins compatible for Editor in 32.62 ms, found 2 plugins.
Preloading 0 native plugins for Editor in 0.00 ms.
Mono: successfully reloaded assembly
- Completed reload, in  0.549 seconds
Domain Reload Profiling:
	ReloadAssembly (549ms)
		BeginReloadAssembly (57ms)
			ExecutionOrderSort (0ms)
			DisableScriptedObjects (0ms)
			BackupInstance (0ms)
			ReleaseScriptingObjects (0ms)
			CreateAndSetChildDomain (1ms)
		EndReloadAssembly (423ms)
			LoadAssemblies (55ms)
			RebuildTransferFunctionScriptingTraits (0ms)
			SetupTypeCache (142ms)
			ReleaseScriptCaches (0ms)
			RebuildScriptCaches (30ms)
			SetupLoadedEditorAssemblies (160ms)
				LogAssemblyErrors (0ms)
				InitializePlatformSupportModulesInManaged (4ms)
				SetLoadedEditorAssemblies (0ms)
				RefreshPlugins (33ms)
				BeforeProcessingInitializeOnLoad (15ms)
				ProcessInitializeOnLoadAttributes (81ms)
				ProcessInitializeOnLoadMethodAttributes (27ms)
				AfterProcessingInitializeOnLoad (0ms)
				EditorAssembliesLoaded (0ms)
			ExecutionOrderSort2 (0ms)
			AwakeInstancesAfterBackupRestoration (0ms)
Platform modules already initialized, skipping
Registering precompiled user dll's ...
Registered in 0.002531 seconds.
Begin MonoManager ReloadAssembly
Native extension for WindowsStandalone target not found
Refreshing native plugins compatible for Editor in 0.50 ms, found 2 plugins.
Preloading 0 native plugins for Editor in 0.00 ms.
Mono: successfully reloaded assembly
- Completed reload, in  1.216 seconds
Domain Reload Profiling:
	ReloadAssembly (1217ms)
		BeginReloadAssembly (142ms)
			ExecutionOrderSort (0ms)
			DisableScriptedObjects (5ms)
			BackupInstance (0ms)
			ReleaseScriptingObjects (0ms)
			CreateAndSetChildDomain (19ms)
		EndReloadAssembly (1009ms)
			LoadAssemblies (83ms)
			RebuildTransferFunctionScriptingTraits (0ms)
			SetupTypeCache (319ms)
			ReleaseScriptCaches (0ms)
			RebuildScriptCaches (47ms)
			SetupLoadedEditorAssemblies (430ms)
				LogAssemblyErrors (0ms)
				InitializePlatformSupportModulesInManaged (5ms)
				SetLoadedEditorAssemblies (0ms)
				RefreshPlugins (1ms)
				BeforeProcessingInitializeOnLoad (100ms)
				ProcessInitializeOnLoadAttributes (282ms)
				ProcessInitializeOnLoadMethodAttributes (27ms)
				AfterProcessingInitializeOnLoad (14ms)
				EditorAssembliesLoaded (1ms)
			ExecutionOrderSort2 (0ms)
			AwakeInstancesAfterBackupRestoration (19ms)
Platform modules already initialized, skipping
========================================================================
Worker process is ready to serve import requests
Launched and connected shader compiler UnityShaderCompiler.exe after 0.09 seconds
Refreshing native plugins compatible for Editor in 0.59 ms, found 2 plugins.
Preloading 0 native plugins for Editor in 0.00 ms.
Unloading 1502 Unused Serialized files (Serialized files now loaded: 0)
System memory in use before: 68.8 MB.
System memory in use after: 68.8 MB.

Unloading 17 unused Assets to reduce memory usage. Loaded Objects now: 1934.
Total: 5.487600 ms (FindLiveObjects: 0.237400 ms CreateObjectMapping: 0.161200 ms MarkObjects: 4.940900 ms  DeleteObjects: 0.146500 ms)

AssetImportParameters requested are different than current active one (requested -> active):
  custom:framework-win-MediaFoundation: 216162199b28c13a410421893ffa2e32 -> 
  custom:video-decoder-ogg-theora: a1e56fd34408186e4bbccfd4996cb3dc -> 
  custom:container-muxer-webm: aa71ff27fc2769a1b78a27578f13a17b -> 
  custom:container-demuxer-webm: 4f35f7cbe854078d1ac9338744f61a02 -> 
  custom:container-demuxer-ogg: 62fdf1f143b41e24485cea50d1cbac27 -> 
  custom:video-encoder-webm-vp8: eb34c28f22e8b96e1ab97ce403110664 -> 
  custom:video-decoder-webm-vp8: 9c59270c3fd7afecdb556c50c9e8de78 -> 
  custom:audio-decoder-ogg-vorbis: bf7c407c2cedff20999df2af8eb42d56 -> 
  custom:audio-encoder-webm-vorbis: bf7c407c2cedff20999df2af8eb42d56 -> 
========================================================================
Received Import Request.
  path: Assets/Tiny RPG Forest
  artifactKey: Guid(8c82c6f653f65d640a4e363b2dd70f9a) Importer(815301076,1909f56bfc062723c751e8b465ee728b)
Start importing Assets/Tiny RPG Forest using Guid(8c82c6f653f65d640a4e363b2dd70f9a) Importer(815301076,1909f56bfc062723c751e8b465ee728b)  -> (artifact id: '5b3bff868490554833b6817b37d7f2a1') in 0.017149 seconds 
========================================================================
Received Import Request.
  Time since last request: 268.836165 seconds.
  path: Assets/New Folder
  artifactKey: Guid(292abde0a78615647b7d2344bce4a384) Importer(815301076,1909f56bfc062723c751e8b465ee728b)
Start importing Assets/New Folder using Guid(292abde0a78615647b7d2344bce4a384) Importer(815301076,1909f56bfc062723c751e8b465ee728b)  -> (artifact id: '840a54a6ee1367fc9a6a42ad46eeb62d') in 0.012008 seconds 
========================================================================
Received Import Request.
  Time since last request: 13.356290 seconds.
  path: Assets/Script
  artifactKey: Guid(292abde0a78615647b7d2344bce4a384) Importer(815301076,1909f56bfc062723c751e8b465ee728b)
Start importing Assets/Script using Guid(292abde0a78615647b7d2344bce4a384) Importer(815301076,1909f56bfc062723c751e8b465ee728b)  -> (artifact id: '22fdb53c7f93c16761e80877248fe2dc') in 0.016286 seconds 
========================================================================
Received Import Request.
  Time since last request: 13.809008 seconds.
  path: Assets/Scripts
  artifactKey: Guid(292abde0a78615647b7d2344bce4a384) Importer(815301076,1909f56bfc062723c751e8b465ee728b)
Start importing Assets/Scripts using Guid(292abde0a78615647b7d2344bce4a384) Importer(815301076,1909f56bfc062723c751e8b465ee728b)  -> (artifact id: 'ac061c478baaa96cc0930067fe207f27') in 0.009675 seconds 
========================================================================
Received Import Request.
  Time since last request: 20.951030 seconds.
  path: Assets/New Folder
  artifactKey: Guid(42d2c6438250af944b7c9c6c02603c10) Importer(815301076,1909f56bfc062723c751e8b465ee728b)
Start importing Assets/New Folder using Guid(42d2c6438250af944b7c9c6c02603c10) Importer(815301076,1909f56bfc062723c751e8b465ee728b)  -> (artifact id: '5a106a0fe665f5c8b48fbbdcf27c6670') in 0.006438 seconds 
========================================================================
Received Import Request.
  Time since last request: 1.859472 seconds.
  path: Assets/Scenes
  artifactKey: Guid(131a6b21c8605f84396be9f6751fb6e3) Importer(815301076,1909f56bfc062723c751e8b465ee728b)
Start importing Assets/Scenes using Guid(131a6b21c8605f84396be9f6751fb6e3) Importer(815301076,1909f56bfc062723c751e8b465ee728b)  -> (artifact id: 'df75b7d1a31c5b4f73fd45661b403b04') in 0.017629 seconds 
========================================================================
Received Import Request.
  Time since last request: 15.021398 seconds.
  path: Assets/Sprites
  artifactKey: Guid(42d2c6438250af944b7c9c6c02603c10) Importer(815301076,1909f56bfc062723c751e8b465ee728b)
Start importing Assets/Sprites using Guid(42d2c6438250af944b7c9c6c02603c10) Importer(815301076,1909f56bfc062723c751e8b465ee728b)  -> (artifact id: 'ace29ef57caf05e71ef9fb7db6edd112') in 0.008728 seconds 
========================================================================
Received Import Request.
  Time since last request: 228.080202 seconds.
  path: Assets/Scenes/Scene1.unity
  artifactKey: Guid(dccb87bcbe86fba43867844709f3310c) Importer(815301076,1909f56bfc062723c751e8b465ee728b)
Start importing Assets/Scenes/Scene1.unity using Guid(dccb87bcbe86fba43867844709f3310c) Importer(815301076,1909f56bfc062723c751e8b465ee728b)  -> (artifact id: '11aa664f4ab95f15c1a73708e260e3a6') in 0.019405 seconds 
AssetImportWorkerClient::OnTransportError - code=2 error=End of file
